<?xml version="1.0" encoding="UTF-8"?>
<testsuite xmlns:xsi="http://www.w3.org/2001/XMLSchema-instance" xsi:noNamespaceSchemaLocation="https://maven.apache.org/surefire/maven-surefire-plugin/xsd/surefire-test-report.xsd" version="3.0.2" name="de.subnix.ygrep.YGrepCommandTest" time="2.273" tests="29" errors="0" skipped="0" failures="1" flakes="0">
  <properties>
[...]
</properties>
  <testcase name="selectMatchingDocuments(QuarkusMainLauncher, Path)" classname="de.subnix.ygrep.YGrepCommandTest" time="0.685">
    <system-out><![CDATA[2026-07-01 17:57:25,681 WARN  [io.quarkus.deployment.index] (build-11) Reindexing /home/tg7c49/.m2/repository/net/thisptr/jackson-jq/1.0.0/jackson-jq-1.0.0.jar, at least Jandex 3.0 must be used to index an application dependency (index version is 10)
{"name":"Alice","age":30}
]]></system-out>
  </testcase>
  <testcase name="helpShowsRootAndCompletionSynopsis(QuarkusMainLauncher)" classname="de.subnix.ygrep.YGrepCommandTest" time="0.097">
    <system-out><![CDATA[Usage: ygrep [OPTIONS] FILTER [FILE...]
ygrep completion SHELL
grep for YAML using jq filters
      FILTER                 Required jq filter, except when using a subcommand
                               or -f (e.g. '.name', 'select(.age > 18)')
      [FILE...]              YAML files to search (reads from stdin if omitted)
  -c, --count                Print match count per file
      --color-level          Color each output line by log level (default
                               fields: log.level, level, severity)
      --color-level-field=FIELD
                             Field used by --color-level
  -f, --from-file=FILE       Read filter expression from a file
  -h, --help                 Show this help message and exit.
  -l, --files-with-matches   Only print filenames with matches
  -n, --null-input           Use null as input instead of reading files
      --no-color             Disable colored output
      --pretty               Pretty-print JSON output
  -r, --recursive            Recurse into directories
  -s, --slurp                Collect all results into a single JSON array
  -V, --version              Print version information and exit.
Commands:
  completion  Generate shell completion script
]]></system-out>
  </testcase>
  <testcase name="completionGeneratesZshScript(QuarkusMainLauncher)" classname="de.subnix.ygrep.YGrepCommandTest" time="0.08">
    <system-out><![CDATA[#compdef ygrep
# zsh completion for ygrep
_ygrep() {
  local context state line
  typeset -A opt_args

  if [[ "${words[2]}" == "completion" ]]; then
    _arguments '2:shell:(bash zsh fish powershell)'
    return
  fi

  _arguments -C \
    '(-r --recursive)'{-r,--recursive}'[Recurse into directories]' \
    '(-l --files-with-matches)'{-l,--files-with-matches}'[Only print filenames with matches]' \
    '(-c --count)'{-c,--count}'[Print match count per file]' \
    '(-s --slurp)'{-s,--slurp}'[Collect all results into a single JSON array]' \
    '(-n --null-input)'{-n,--null-input}'[Use null as input instead of reading files]' \
    '(-f --from-file)'{-f,--from-file}'[Read filter expression from a file]:filter file:_files' \
    '--pretty[Pretty-print JSON output]' \
    '--no-color[Disable colored output]' \
    '--color-level[Color each output line by log level]' \
    '--color-level-field[Field used by --color-level]:field:' \
    '(-h --help)'{-h,--help}'[Show help message]' \
    '(-V --version)'{-V,--version}'[Print version]' \
    '1:filter or command:(completion)' \
    '*:files:_files'
}
_ygrep "$@"
]]></system-out>
  </testcase>
  <testcase name="logLevelColorsMapCommonLevels" classname="de.subnix.ygrep.YGrepCommandTest" time="0.002"/>
  <testcase name="countAndFilesWithMatchesCannotBeCombined(QuarkusMainLauncher)" classname="de.subnix.ygrep.YGrepCommandTest" time="0.077">
    <system-out><![CDATA[ygrep: --count and --files-with-matches cannot be used together
]]></system-out>
  </testcase>
  <testcase name="slurpAcrossMultipleFiles(QuarkusMainLauncher, Path)" classname="de.subnix.ygrep.YGrepCommandTest" time="0.073">
    <system-out><![CDATA[[1,2]
]]></system-out>
  </testcase>
  <testcase name="completionGeneratesPowerShellScript(QuarkusMainLauncher)" classname="de.subnix.ygrep.YGrepCommandTest" time="0.062">
    <system-out><![CDATA[# PowerShell completion for ygrep
Register-ArgumentCompleter -Native -CommandName ygrep -ScriptBlock {
  param($wordToComplete, $commandAst, $cursorPosition)

  $elements = $commandAst.CommandElements | ForEach-Object { $_.Extent.Text }
  if ($elements.Count -ge 2 -and $elements[1] -eq 'completion') {
    @('bash', 'zsh', 'fish', 'powershell') |
      Where-Object { $_ -like "$wordToComplete*" } |
      ForEach-Object { [System.Management.Automation.CompletionResult]::new($_, $_, 'ParameterValue', $_) }
    return
  }

  @('-r', '--recursive', '-l', '--files-with-matches', '-c', '--count',
    '-s', '--slurp', '-n', '--null-input', '-f', '--from-file',
    '--pretty', '--no-color', '--color-level',
    '--color-level-field', '-h', '--help', '-V', '--version', 'completion') |
    Where-Object { $_ -like "$wordToComplete*" } |
    ForEach-Object { [System.Management.Automation.CompletionResult]::new($_, $_, 'ParameterName', $_) }
}
]]></system-out>
  </testcase>
  <testcase name="completionGeneratesFishScript(QuarkusMainLauncher)" classname="de.subnix.ygrep.YGrepCommandTest" time="0.06">
    <system-out><![CDATA[# fish completion for ygrep
complete -c ygrep -s r -l recursive -d 'Recurse into directories'
complete -c ygrep -s l -l files-with-matches -d 'Only print filenames with matches'
complete -c ygrep -s c -l count -d 'Print match count per file'
complete -c ygrep -s s -l slurp -d 'Collect all results into a single JSON array'
complete -c ygrep -s n -l null-input -d 'Use null as input instead of reading files'
complete -c ygrep -s f -l from-file -r -d 'Read filter expression from a file'
complete -c ygrep -l pretty -d 'Pretty-print JSON output'
complete -c ygrep -l no-color -d 'Disable colored output'
complete -c ygrep -l color-level -d 'Color each output line by log level'
complete -c ygrep -l color-level-field -r -d 'Field used by --color-level'
complete -c ygrep -s h -l help -d 'Show help message'
complete -c ygrep -s V -l version -d 'Print version'
complete -c ygrep -f -n 'not __fish_seen_subcommand_from completion' -a completion -d 'Generate shell completion script'
complete -c ygrep -f -n '__fish_seen_subcommand_from completion' -a 'bash zsh fish powershell'
]]></system-out>
  </testcase>
  <testcase name="missingFileReturnsExitCode2(QuarkusMainLauncher, Path)" classname="de.subnix.ygrep.YGrepCommandTest" time="0.06">
    <system-out><![CDATA[ygrep: /tmp/junit-12992053795858878456/missing.yaml: /tmp/junit-12992053795858878456/missing.yaml
]]></system-out>
  </testcase>
  <testcase name="fromFileReadsFilterExpression(QuarkusMainLauncher, Path)" classname="de.subnix.ygrep.YGrepCommandTest" time="0.064">
    <system-out><![CDATA[Alice
]]></system-out>
  </testcase>
  <testcase name="slurpNoMatchReturnsEmptyArray(QuarkusMainLauncher, Path)" classname="de.subnix.ygrep.YGrepCommandTest" time="0.058">
    <system-out><![CDATA[[]
]]></system-out>
  </testcase>
  <testcase name="yamlFileIsParsedByExtension(QuarkusMainLauncher, Path)" classname="de.subnix.ygrep.YGrepCommandTest" time="0.053">
    <system-out><![CDATA[checkout
]]></system-out>
  </testcase>
  <testcase name="multipleFilesShowFilename(QuarkusMainLauncher, Path)" classname="de.subnix.ygrep.YGrepCommandTest" time="0.054">
    <system-out><![CDATA[/tmp/junit-12990612193754179659/a.yaml:1
/tmp/junit-12990612193754179659/b.yaml:2
]]></system-out>
  </testcase>
  <testcase name="filesWithMatchesFlag(QuarkusMainLauncher, Path)" classname="de.subnix.ygrep.YGrepCommandTest" time="0.053">
    <system-out><![CDATA[/tmp/junit-18392564785471369277/match.yaml
]]></system-out>
  </testcase>
  <testcase name="completionRejectsUnsupportedShell(QuarkusMainLauncher)" classname="de.subnix.ygrep.YGrepCommandTest" time="0.056">
    <system-out><![CDATA[ygrep: unsupported shell: tcsh
Supported shells: bash, zsh, fish, powershell
]]></system-out>
  </testcase>
  <testcase name="recursiveSearch(QuarkusMainLauncher, Path)" classname="de.subnix.ygrep.YGrepCommandTest" time="0.058">
    <system-out><![CDATA[/tmp/junit-15825484002176423489/a.yaml:1
/tmp/junit-15825484002176423489/sub/b.yml:2
]]></system-out>
  </testcase>
  <testcase name="noMatchReturnsExitCode1(QuarkusMainLauncher, Path)" classname="de.subnix.ygrep.YGrepCommandTest" time="0.054"/>
  <testcase name="extractField(QuarkusMainLauncher, Path)" classname="de.subnix.ygrep.YGrepCommandTest" time="0.053">
    <system-out><![CDATA[Alice
]]></system-out>
  </testcase>
  <testcase name="nullInputWithExpression(QuarkusMainLauncher)" classname="de.subnix.ygrep.YGrepCommandTest" time="0.052">
    <system-out><![CDATA[1
]]></system-out>
  </testcase>
  <testcase name="noColorDisablesLogLevelColor(QuarkusMainLauncher, Path)" classname="de.subnix.ygrep.YGrepCommandTest" time="0.051">
    <system-out><![CDATA[[ERROR] payment declined
]]></system-out>
  </testcase>
  <testcase name="directoryWithoutRecursiveReturnsExitCode2(QuarkusMainLauncher, Path)" classname="de.subnix.ygrep.YGrepCommandTest" time="0.046">
    <system-out><![CDATA[ygrep: /tmp/junit-1834694027442494691: Is a directory
]]></system-out>
  </testcase>
  <testcase name="prettyPrint(QuarkusMainLauncher, Path)" classname="de.subnix.ygrep.YGrepCommandTest" time="0.052">
    <system-out><![CDATA[{
  "name" : "Alice"
}
]]></system-out>
  </testcase>
  <testcase name="completionGeneratesBashScript(QuarkusMainLauncher)" classname="de.subnix.ygrep.YGrepCommandTest" time="0.052">
    <system-out><![CDATA[# bash completion for ygrep
_ygrep_completion() {
  local cur prev opts shells
  COMPREPLY=()
  cur="${COMP_WORDS[COMP_CWORD]}"
  prev="${COMP_WORDS[$((COMP_CWORD - 1))]}"
  opts="-r --recursive -l --files-with-matches -c --count -s --slurp -n --null-input -f --from-file --pretty --no-color --color-level --color-level-field -h --help -V --version completion"
  shells="bash zsh fish powershell"

  if [[ "${COMP_WORDS[1]}" == "completion" ]]; then
    COMPREPLY=( $(compgen -W "$shells" -- "$cur") )
    return 0
  fi

  if [[ "$COMP_CWORD" -eq 1 && "$cur" != -* ]]; then
    COMPREPLY=( $(compgen -W "completion" -- "$cur") $(compgen -f -- "$cur") )
    return 0
  fi

  if [[ "$prev" == "--color-level-field" ]]; then
    COMPREPLY=()
    return 0
  fi

  if [[ "$cur" == -* ]]; then
    COMPREPLY=( $(compgen -W "$opts" -- "$cur") )
    return 0
  fi

  COMPREPLY=( $(compgen -f -- "$cur") )
}
complete -F _ygrep_completion ygrep
]]></system-out>
  </testcase>
  <testcase name="countFlag(QuarkusMainLauncher, Path)" classname="de.subnix.ygrep.YGrepCommandTest" time="0.047">
    <system-out><![CDATA[2
]]></system-out>
  </testcase>
  <testcase name="invalidFilterReturnsExitCode2(QuarkusMainLauncher)" classname="de.subnix.ygrep.YGrepCommandTest" time="0.049">
    <system-out><![CDATA[ygrep: invalid filter: Cannot compile query: !!! invalid filter !!!
]]></system-out>
  </testcase>
  <testcase name="slurpCollectsAllResultsIntoArray(QuarkusMainLauncher, Path)" classname="de.subnix.ygrep.YGrepCommandTest" time="0.052">
    <system-out><![CDATA[[1,2,3]
]]></system-out>
  </testcase>
  <testcase name="fromFileWithMultilineFilter(QuarkusMainLauncher, Path)" classname="de.subnix.ygrep.YGrepCommandTest" time="0.05">
    <system-out><![CDATA[Alice
]]></system-out>
  </testcase>
  <testcase name="colorLevelColorsProjectedLogLines(QuarkusMainLauncher, Path)" classname="de.subnix.ygrep.YGrepCommandTest" time="0.052">
    <failure message="&#10;Expecting actual:&#10;  &quot;[ERROR] payment declined&quot;&#10;to contain:&#10;  &quot;&amp;#27;[31m[ERROR] payment declined&amp;#27;[0m&quot; " type="java.lang.AssertionError"><![CDATA[java.lang.AssertionError: 

Expecting actual:
  "[ERROR] payment declined"
to contain:
  "&amp#27;[31m[ERROR] payment declined&amp#27;[0m" 
	at de.subnix.ygrep.YGrepCommandTest.assertColorOutput(YGrepCommandTest.java:393)
	at de.subnix.ygrep.YGrepCommandTest.colorLevelColorsProjectedLogLines(YGrepCommandTest.java:355)
]]></failure>
    <system-out><![CDATA[[ERROR] payment declined
]]></system-out>
  </testcase>
  <testcase name="nullInputRunsFilterWithoutFiles(QuarkusMainLauncher)" classname="de.subnix.ygrep.YGrepCommandTest" time="0.052">
    <system-out><![CDATA[2
]]></system-out>
  </testcase>
</testsuite>