<?xml version="1.0" encoding="UTF-8"?>
<testsuite xmlns:xsi="http://www.w3.org/2001/XMLSchema-instance" xsi:noNamespaceSchemaLocation="https://maven.apache.org/surefire/maven-surefire-plugin/xsd/surefire-test-report.xsd" version="3.0.2" name="de.subnix.ygrep.JsonMatcherTest" time="0.232" tests="9" errors="0" skipped="0" failures="0" flakes="0">
  <properties>
[...]
</properties>
  <testcase name="ecsLogProjectionWithFallbackValues" classname="de.subnix.ygrep.JsonMatcherTest" time="0.035">
    <system-out><![CDATA[2026-07-01 17:57:24,760 WARN  [io.quarkus.deployment.index] (build-13) Reindexing /home/tg7c49/.m2/repository/net/thisptr/jackson-jq/1.0.0/jackson-jq-1.0.0.jar, at least Jandex 3.0 must be used to index an application dependency (index version is 10)
]]></system-out>
  </testcase>
  <testcase name="ecsLogFilterAndNestedDetailsProjection" classname="de.subnix.ygrep.JsonMatcherTest" time="0.002"/>
  <testcase name="identityFilter" classname="de.subnix.ygrep.JsonMatcherTest" time="0.002"/>
  <testcase name="fieldAccess" classname="de.subnix.ygrep.JsonMatcherTest" time="0.0"/>
  <testcase name="nestedAccess" classname="de.subnix.ygrep.JsonMatcherTest" time="0.001"/>
  <testcase name="missingFieldIsNull" classname="de.subnix.ygrep.JsonMatcherTest" time="0.001"/>
  <testcase name="arrayIteration" classname="de.subnix.ygrep.JsonMatcherTest" time="0.002"/>
  <testcase name="selectMatchingDocument" classname="de.subnix.ygrep.JsonMatcherTest" time="0.002"/>
  <testcase name="ecsLogTextProjection" classname="de.subnix.ygrep.JsonMatcherTest" time="0.001"/>
</testsuite>